<?xml version="1.0" encoding="UTF-8"?>
<!-- Generated by org.testng.reporters.JUnitReportReporter -->
<testsuite hostname="659170-54252" failures="0" tests="4" name="com.QA.test.DemoTest" time="0.005" errors="0" timestamp="2022-10-20T00:05:40 EDT" skipped="0">
  <testcase classname="com.QA.test.DemoTest" name="sub" time="0.000"/>
  <system-out/>
  <testcase classname="com.QA.test.DemoTest" name="Div" time="0.004"/>
  <system-out/>
  <testcase classname="com.QA.test.DemoTest" name="sum" time="0.000"/>
  <system-out/>
  <testcase classname="com.QA.test.DemoTest" name="Multi" time="0.001"/>
  <system-out/>
</testsuite> <!-- com.QA.test.DemoTest -->
